<?xml version="1.0" encoding="UTF-8"?>
<!-- Generated by org.testng.reporters.JUnitXMLReporter -->
<testsuite ignored="0" hostname="LAPTOP-VLLNHLMJ" failures="0" tests="3" name="Default test" time="11.555" errors="0" timestamp="2025-04-21T19:33:09 GMT+03:00">
  <testcase classname="codenboxautomationlab.AppTest" name="RadioButton" time="0.251"/>
  <testcase classname="codenboxautomationlab.AppTest" name="Dynamic_Dropdown" time="1.373"/>
  <testcase classname="codenboxautomationlab.AppTest" name="Static_Dropdown" time="0.35"/>
</testsuite> <!-- Default test -->
