<?xml version="1.0" encoding="UTF-8"?>
<testng-results ignored="0" total="3" passed="3" failed="0" skipped="0">
  <reporter-output>
  </reporter-output>
  <suite started-at="2025-04-21T19:32:58 GMT+03:00" name="Default suite" finished-at="2025-04-21T19:33:09 GMT+03:00" duration-ms="11555">
    <groups>
    </groups>
    <test started-at="2025-04-21T19:32:58 GMT+03:00" name="Default test" finished-at="2025-04-21T19:33:09 GMT+03:00" duration-ms="11555">
      <class name="codenboxautomationlab.AppTest">
        <test-method is-config="true" signature="mySetup()[pri:0, instance:codenboxautomationlab.AppTest@6ebf0f36]" started-at="2025-04-21T19:32:58 GMT+03:00" name="mySetup" finished-at="2025-04-21T19:33:07 GMT+03:00" duration-ms="9452" status="PASS">
          <reporter-output>
          </reporter-output>
        </test-method> <!-- mySetup -->
        <test-method signature="RadioButton()[pri:1, instance:codenboxautomationlab.AppTest@6ebf0f36]" started-at="2025-04-21T19:33:07 GMT+03:00" name="RadioButton" finished-at="2025-04-21T19:33:08 GMT+03:00" duration-ms="251" status="PASS">
          <reporter-output>
          </reporter-output>
        </test-method> <!-- RadioButton -->
        <test-method signature="Dynamic_Dropdown()[pri:2, instance:codenboxautomationlab.AppTest@6ebf0f36]" started-at="2025-04-21T19:33:08 GMT+03:00" name="Dynamic_Dropdown" finished-at="2025-04-21T19:33:09 GMT+03:00" duration-ms="1373" status="PASS">
          <reporter-output>
          </reporter-output>
        </test-method> <!-- Dynamic_Dropdown -->
        <test-method signature="Static_Dropdown()[pri:3, instance:codenboxautomationlab.AppTest@6ebf0f36]" started-at="2025-04-21T19:33:09 GMT+03:00" name="Static_Dropdown" finished-at="2025-04-21T19:33:09 GMT+03:00" duration-ms="350" status="PASS">
          <reporter-output>
          </reporter-output>
        </test-method> <!-- Static_Dropdown -->
      </class> <!-- codenboxautomationlab.AppTest -->
    </test> <!-- Default test -->
  </suite> <!-- Default suite -->
</testng-results>
